2021-12-20 10:36:58 INFO  c.e.d.SareetaApplication:50 - Starting SareetaApplication on DESKTOP-Q58D8B9 with PID 15120 (started by Ivo in C:\Users\Ivo\OneDrive\Desktop\Spring Projects\Project 4 lessons\P4 Ivo Projekt\starter_code)
2021-12-20 10:36:58 INFO  c.e.d.SareetaApplication:675 - No active profile set, falling back to default profiles: default
2021-12-20 10:36:59 INFO  o.s.d.r.c.RepositoryConfigurationDelegate:126 - Bootstrapping Spring Data repositories in DEFAULT mode.
2021-12-20 10:36:59 INFO  o.s.d.r.c.RepositoryConfigurationDelegate:182 - Finished Spring Data repository scanning in 76ms. Found 4 repository interfaces.
2021-12-20 10:37:00 INFO  o.s.c.s.PostProcessorRegistrationDelegate$BeanPostProcessorChecker:330 - Bean 'org.springframework.transaction.annotation.ProxyTransactionManagementConfiguration' of type [org.springframework.transaction.annotation.ProxyTransactionManagementConfiguration$$EnhancerBySpringCGLIB$$f0ce39e7] is not eligible for getting processed by all BeanPostProcessors (for example: not eligible for auto-proxying)
2021-12-20 10:37:00 INFO  o.s.b.w.e.t.TomcatWebServer:90 - Tomcat initialized with port(s): 8080 (http)
2021-12-20 10:37:00 INFO  o.a.c.c.StandardService:173 - Starting service [Tomcat]
2021-12-20 10:37:00 INFO  o.a.c.c.StandardEngine:173 - Starting Servlet engine: [Apache Tomcat/9.0.19]
2021-12-20 10:37:00 INFO  o.a.c.c.C.[.[.[/]:173 - Initializing Spring embedded WebApplicationContext
2021-12-20 10:37:00 INFO  o.s.w.c.ContextLoader:296 - Root WebApplicationContext: initialization completed in 1821 ms
2021-12-20 10:37:01 INFO  c.z.h.HikariDataSource:110 - HikariPool-1 - Starting...
2021-12-20 10:37:01 INFO  c.z.h.HikariDataSource:123 - HikariPool-1 - Start completed.
2021-12-20 10:37:01 INFO  o.h.j.i.u.LogHelper:31 - HHH000204: Processing PersistenceUnitInfo [
	name: default
	...]
2021-12-20 10:37:01 INFO  o.h.Version:46 - HHH000412: Hibernate Core {5.3.10.Final}
2021-12-20 10:37:01 INFO  o.h.c.Environment:213 - HHH000206: hibernate.properties not found
2021-12-20 10:37:01 INFO  o.h.a.c.Version:49 - HCANN000001: Hibernate Commons Annotations {5.0.4.Final}
2021-12-20 10:37:01 INFO  o.h.d.Dialect:157 - HHH000400: Using dialect: org.hibernate.dialect.H2Dialect
2021-12-20 10:37:03 INFO  o.s.o.j.LocalContainerEntityManagerFactoryBean:415 - Initialized JPA EntityManagerFactory for persistence unit 'default'
2021-12-20 10:37:04 WARN  o.s.b.a.o.j.JpaBaseConfiguration$JpaWebConfiguration$JpaWebMvcConfiguration:237 - spring.jpa.open-in-view is enabled by default. Therefore, database queries may be performed during view rendering. Explicitly configure spring.jpa.open-in-view to disable this warning
2021-12-20 10:37:04 INFO  o.s.s.w.DefaultSecurityFilterChain:43 - Creating filter chain: any request, [org.springframework.security.web.context.request.async.WebAsyncManagerIntegrationFilter@1782896, org.springframework.security.web.context.SecurityContextPersistenceFilter@6bf28f61, org.springframework.security.web.header.HeaderWriterFilter@3a5e4f32, org.springframework.web.filter.CorsFilter@8bde368, org.springframework.security.web.authentication.logout.LogoutFilter@998fbd4, com.example.demo.security.JWTAuthenticationFilter@5065bdac, com.example.demo.security.JWTAuthenticationVerificationFilter@2e9dcdd3, org.springframework.security.web.savedrequest.RequestCacheAwareFilter@696105c4, org.springframework.security.web.servletapi.SecurityContextHolderAwareRequestFilter@7c02b3cb, org.springframework.security.web.authentication.AnonymousAuthenticationFilter@6e617c0e, org.springframework.security.web.session.SessionManagementFilter@17c34e62, org.springframework.security.web.access.ExceptionTranslationFilter@665b441e, org.springframework.security.web.access.intercept.FilterSecurityInterceptor@400e741]
2021-12-20 10:37:04 INFO  o.s.s.c.ThreadPoolTaskExecutor:171 - Initializing ExecutorService 'applicationTaskExecutor'
2021-12-20 10:37:04 INFO  o.s.b.w.e.t.TomcatWebServer:204 - Tomcat started on port(s): 8080 (http) with context path ''
2021-12-20 10:37:04 INFO  c.e.d.SareetaApplication:59 - Started SareetaApplication in 6.296 seconds (JVM running for 7.859)
2021-12-20 10:40:43 INFO  o.a.c.c.C.[.[.[/]:173 - Initializing Spring DispatcherServlet 'dispatcherServlet'
2021-12-20 10:40:43 INFO  o.s.w.s.DispatcherServlet:524 - Initializing Servlet 'dispatcherServlet'
2021-12-20 10:40:43 INFO  o.s.w.s.DispatcherServlet:546 - Completed initialization in 10 ms
2021-12-20 10:41:01 INFO  o.h.h.i.QueryTranslatorFactoryInitiator:47 - HHH000397: Using ASTQueryTranslatorFactory
2021-12-20 10:41:01 INFO  c.e.d.c.UserController:67 - User created with username: Ivo
2021-12-20 10:41:24 INFO  c.e.d.c.CartController:52 - Cart created for User with username Ivo and items [Round Widget, Round Widget, Round Widget].
2021-12-20 10:41:40 INFO  c.e.d.c.OrderController:43 - Order created for User with username Ivo and items [Round Widget, Round Widget, Round Widget], with total price 8.970000.
2021-12-20 10:43:07 INFO  c.e.d.c.CartController:70 - User with username Ivo removed item Round Widget from cart.
2021-12-20 10:43:36 INFO  c.e.d.c.UserController:48 - Username Ivo is already taken. Try to register with another username again.
2021-12-20 10:44:03 INFO  c.e.d.c.UserController:61 - Error - Either length is less than 7 or pass and conf pass do not match. Unable to createIvo2
2021-12-20 10:48:57 INFO  c.e.d.c.UserController:67 - User created with username: Ben
2021-12-20 10:53:51 INFO  c.e.d.c.CartController:70 - User with username Ben removed item Round Widget from cart.
2021-12-20 10:54:12 INFO  c.e.d.c.OrderController:43 - Order created for User with username Ben and items [], with total price -2.990000.
2021-12-20 11:22:38 INFO  c.e.d.c.CartController:52 - Cart created for User with username Ben and items [Square Widget, Square Widget].
2021-12-20 11:24:28 INFO  c.e.d.c.OrderController:43 - Order created for User with username Ben and items [Square Widget, Square Widget], with total price 0.990000.
2021-12-20 11:25:11 INFO  c.e.d.c.UserController:67 - User created with username: Layo
2021-12-20 11:25:29 INFO  c.e.d.c.CartController:52 - Cart created for User with username Layo and items [Square Widget, Square Widget].
2021-12-20 11:25:41 INFO  c.e.d.c.OrderController:43 - Order created for User with username Layo and items [Square Widget, Square Widget], with total price 3.980000.
2021-12-20 11:26:15 INFO  c.e.d.c.CartController:52 - Cart created for User with username Layo and items [Square Widget, Square Widget, Round Widget, Round Widget, Round Widget].
2021-12-20 11:26:25 INFO  c.e.d.c.OrderController:43 - Order created for User with username Layo and items [Square Widget, Square Widget, Round Widget, Round Widget, Round Widget], with total price 12.950000.
2021-12-20 11:26:52 INFO  c.e.d.c.CartController:52 - Cart created for User with username Ivo and items [Round Widget, Round Widget, Square Widget, Square Widget, Square Widget, Square Widget, Square Widget, Square Widget, Square Widget, Square Widget, Square Widget, Square Widget].
2021-12-20 11:27:02 INFO  c.e.d.c.OrderController:43 - Order created for User with username Ivo and items [Round Widget, Round Widget, Square Widget, Square Widget, Square Widget, Square Widget, Square Widget, Square Widget, Square Widget, Square Widget, Square Widget, Square Widget], with total price 25.880000.
2021-12-20 11:38:36 INFO  c.e.d.c.OrderController:38 - Error creating order. User John doesn't exists
2021-12-20 11:38:46 INFO  c.e.d.c.OrderController:38 - Error creating order. User Lue doesn't exists
2021-12-20 11:39:53 INFO  c.e.d.c.UserController:61 - Error - Either length is less than 7 or pass and conf pass do not match. Unable to createFlavio
2021-12-20 11:42:16 INFO  o.s.s.c.ThreadPoolTaskExecutor:208 - Shutting down ExecutorService 'applicationTaskExecutor'
2021-12-20 11:42:16 INFO  o.s.o.j.LocalContainerEntityManagerFactoryBean:597 - Closing JPA EntityManagerFactory for persistence unit 'default'
2021-12-20 11:42:16 INFO  c.z.h.HikariDataSource:350 - HikariPool-1 - Shutdown initiated...
2021-12-20 11:42:16 INFO  c.z.h.HikariDataSource:352 - HikariPool-1 - Shutdown completed.
2021-12-20 12:46:51 INFO  c.e.d.SareetaApplicationTests:50 - Starting SareetaApplicationTests on DESKTOP-Q58D8B9 with PID 10236 (started by Ivo in C:\Users\Ivo\OneDrive\Desktop\Spring Projects\Project 4 lessons\P4 Ivo Projekt\starter_code)
2021-12-20 12:46:51 INFO  c.e.d.SareetaApplicationTests:675 - No active profile set, falling back to default profiles: default
2021-12-20 12:46:52 INFO  o.s.d.r.c.RepositoryConfigurationDelegate:126 - Bootstrapping Spring Data repositories in DEFAULT mode.
2021-12-20 12:46:52 INFO  o.s.d.r.c.RepositoryConfigurationDelegate:182 - Finished Spring Data repository scanning in 85ms. Found 4 repository interfaces.
2021-12-20 12:46:53 INFO  o.s.c.s.PostProcessorRegistrationDelegate$BeanPostProcessorChecker:330 - Bean 'org.springframework.transaction.annotation.ProxyTransactionManagementConfiguration' of type [org.springframework.transaction.annotation.ProxyTransactionManagementConfiguration$$EnhancerBySpringCGLIB$$b2af2b23] is not eligible for getting processed by all BeanPostProcessors (for example: not eligible for auto-proxying)
2021-12-20 12:46:53 INFO  c.z.h.HikariDataSource:110 - HikariPool-1 - Starting...
2021-12-20 12:46:54 INFO  c.z.h.HikariDataSource:123 - HikariPool-1 - Start completed.
2021-12-20 12:46:54 INFO  o.h.j.i.u.LogHelper:31 - HHH000204: Processing PersistenceUnitInfo [
	name: default
	...]
2021-12-20 12:46:54 INFO  o.h.Version:46 - HHH000412: Hibernate Core {5.3.10.Final}
2021-12-20 12:46:54 INFO  o.h.c.Environment:213 - HHH000206: hibernate.properties not found
2021-12-20 12:46:54 INFO  o.h.a.c.Version:49 - HCANN000001: Hibernate Commons Annotations {5.0.4.Final}
2021-12-20 12:46:55 INFO  o.h.d.Dialect:157 - HHH000400: Using dialect: org.hibernate.dialect.H2Dialect
2021-12-20 12:46:56 INFO  o.s.o.j.LocalContainerEntityManagerFactoryBean:415 - Initialized JPA EntityManagerFactory for persistence unit 'default'
2021-12-20 12:46:57 WARN  o.s.b.a.o.j.JpaBaseConfiguration$JpaWebConfiguration$JpaWebMvcConfiguration:237 - spring.jpa.open-in-view is enabled by default. Therefore, database queries may be performed during view rendering. Explicitly configure spring.jpa.open-in-view to disable this warning
2021-12-20 12:46:57 INFO  o.s.s.w.DefaultSecurityFilterChain:43 - Creating filter chain: any request, [org.springframework.security.web.context.request.async.WebAsyncManagerIntegrationFilter@25421809, org.springframework.security.web.context.SecurityContextPersistenceFilter@e36bc01, org.springframework.security.web.header.HeaderWriterFilter@28f90752, org.springframework.web.filter.CorsFilter@714bffd5, org.springframework.security.web.authentication.logout.LogoutFilter@33430fc, com.example.demo.security.JWTAuthenticationFilter@6ac9b66b, com.example.demo.security.JWTAuthenticationVerificationFilter@4491eaeb, org.springframework.security.web.savedrequest.RequestCacheAwareFilter@35536760, org.springframework.security.web.servletapi.SecurityContextHolderAwareRequestFilter@4b360972, org.springframework.security.web.authentication.AnonymousAuthenticationFilter@71262020, org.springframework.security.web.session.SessionManagementFilter@72a34537, org.springframework.security.web.access.ExceptionTranslationFilter@3a72e2e8, org.springframework.security.web.access.intercept.FilterSecurityInterceptor@e91facf]
2021-12-20 12:46:58 INFO  o.s.s.c.ThreadPoolTaskExecutor:171 - Initializing ExecutorService 'applicationTaskExecutor'
2021-12-20 12:46:58 INFO  c.e.d.SareetaApplicationTests:59 - Started SareetaApplicationTests in 7.17 seconds (JVM running for 9.266)
2021-12-20 12:46:58 INFO  o.s.s.c.ThreadPoolTaskExecutor:208 - Shutting down ExecutorService 'applicationTaskExecutor'
2021-12-20 12:46:58 INFO  o.s.o.j.LocalContainerEntityManagerFactoryBean:597 - Closing JPA EntityManagerFactory for persistence unit 'default'
2021-12-20 12:46:58 INFO  c.z.h.HikariDataSource:350 - HikariPool-1 - Shutdown initiated...
2021-12-20 12:46:58 INFO  c.z.h.HikariDataSource:352 - HikariPool-1 - Shutdown completed.
2021-12-20 12:52:03 INFO  c.e.d.SareetaApplicationTests:50 - Starting SareetaApplicationTests on DESKTOP-Q58D8B9 with PID 9812 (started by Ivo in C:\Users\Ivo\OneDrive\Desktop\Spring Projects\Project 4 lessons\P4 Ivo Projekt\starter_code)
2021-12-20 12:52:03 INFO  c.e.d.SareetaApplicationTests:675 - No active profile set, falling back to default profiles: default
2021-12-20 12:52:04 INFO  o.s.d.r.c.RepositoryConfigurationDelegate:126 - Bootstrapping Spring Data repositories in DEFAULT mode.
2021-12-20 12:52:04 INFO  o.s.d.r.c.RepositoryConfigurationDelegate:182 - Finished Spring Data repository scanning in 70ms. Found 4 repository interfaces.
2021-12-20 12:52:05 INFO  o.s.c.s.PostProcessorRegistrationDelegate$BeanPostProcessorChecker:330 - Bean 'org.springframework.transaction.annotation.ProxyTransactionManagementConfiguration' of type [org.springframework.transaction.annotation.ProxyTransactionManagementConfiguration$$EnhancerBySpringCGLIB$$71167a53] is not eligible for getting processed by all BeanPostProcessors (for example: not eligible for auto-proxying)
2021-12-20 12:52:05 INFO  c.z.h.HikariDataSource:110 - HikariPool-1 - Starting...
2021-12-20 12:52:05 INFO  c.z.h.HikariDataSource:123 - HikariPool-1 - Start completed.
2021-12-20 12:52:05 INFO  o.h.j.i.u.LogHelper:31 - HHH000204: Processing PersistenceUnitInfo [
	name: default
	...]
2021-12-20 12:52:06 INFO  o.h.Version:46 - HHH000412: Hibernate Core {5.3.10.Final}
2021-12-20 12:52:06 INFO  o.h.c.Environment:213 - HHH000206: hibernate.properties not found
2021-12-20 12:52:06 INFO  o.h.a.c.Version:49 - HCANN000001: Hibernate Commons Annotations {5.0.4.Final}
2021-12-20 12:52:06 INFO  o.h.d.Dialect:157 - HHH000400: Using dialect: org.hibernate.dialect.H2Dialect
2021-12-20 12:52:07 INFO  o.s.o.j.LocalContainerEntityManagerFactoryBean:415 - Initialized JPA EntityManagerFactory for persistence unit 'default'
2021-12-20 12:52:08 WARN  o.s.b.a.o.j.JpaBaseConfiguration$JpaWebConfiguration$JpaWebMvcConfiguration:237 - spring.jpa.open-in-view is enabled by default. Therefore, database queries may be performed during view rendering. Explicitly configure spring.jpa.open-in-view to disable this warning
2021-12-20 12:52:09 INFO  o.s.s.w.DefaultSecurityFilterChain:43 - Creating filter chain: any request, [org.springframework.security.web.context.request.async.WebAsyncManagerIntegrationFilter@62ab5e63, org.springframework.security.web.context.SecurityContextPersistenceFilter@6697f3d, org.springframework.security.web.header.HeaderWriterFilter@51813065, org.springframework.web.filter.CorsFilter@e91facf, org.springframework.security.web.authentication.logout.LogoutFilter@195498aa, com.example.demo.security.JWTAuthenticationFilter@5e8f0f98, com.example.demo.security.JWTAuthenticationVerificationFilter@6bf0f70a, org.springframework.security.web.savedrequest.RequestCacheAwareFilter@3a72e2e8, org.springframework.security.web.servletapi.SecurityContextHolderAwareRequestFilter@72a34537, org.springframework.security.web.authentication.AnonymousAuthenticationFilter@5310e451, org.springframework.security.web.session.SessionManagementFilter@e0847a9, org.springframework.security.web.access.ExceptionTranslationFilter@4a4ff5ed, org.springframework.security.web.access.intercept.FilterSecurityInterceptor@19a7906c]
2021-12-20 12:52:09 INFO  o.s.s.c.ThreadPoolTaskExecutor:171 - Initializing ExecutorService 'applicationTaskExecutor'
2021-12-20 12:52:10 INFO  c.e.d.SareetaApplicationTests:59 - Started SareetaApplicationTests in 6.587 seconds (JVM running for 8.408)
2021-12-20 12:52:10 INFO  o.s.s.c.ThreadPoolTaskExecutor:208 - Shutting down ExecutorService 'applicationTaskExecutor'
2021-12-20 12:52:10 INFO  o.s.o.j.LocalContainerEntityManagerFactoryBean:597 - Closing JPA EntityManagerFactory for persistence unit 'default'
2021-12-20 12:52:10 INFO  c.z.h.HikariDataSource:350 - HikariPool-1 - Shutdown initiated...
2021-12-20 12:52:10 INFO  c.z.h.HikariDataSource:352 - HikariPool-1 - Shutdown completed.
